<?xml version="1.0" encoding="UTF-8"?>
<!-- Generated by org.testng.reporters.JUnitXMLReporter -->
<testsuite hostname="praveen" ignored="0" name="India" tests="6" failures="1" timestamp="2021-05-08T05:56:26 CDT" time="0.125" errors="0">
  <testcase name="test5" time="0.018" classname="TestNGPack.TestNGParallelDemo"/>
  <testcase name="test3" time="0.002" classname="TestNGPack.TestNGParallelDemo"/>
  <testcase name="test4" time="0.006" classname="TestNGPack.TestNGParallelDemo">
    <failure type="java.lang.AssertionError" message="null">
      <![CDATA[java.lang.AssertionError: null
at TestNGPack.TestNGParallelDemo.test4(TestNGParallelDemo.java:37)
at java.util.ArrayList.forEach(ArrayList.java:1257)
at java.util.concurrent.FutureTask.run(FutureTask.java:266)
at java.util.concurrent.ThreadPoolExecutor.runWorker(ThreadPoolExecutor.java:1149)
at java.util.concurrent.ThreadPoolExecutor$Worker.run(ThreadPoolExecutor.java:624)
at java.lang.Thread.run(Thread.java:748)
... Removed 20 stack frames]]>
    </failure>
  </testcase> <!-- test4 -->
  <testcase name="test2" time="0.0" classname="TestNGPack.TestNGParallelDemo">
    <skipped/>
  </testcase> <!-- test2 -->
  <testcase name="test1" time="0.001" classname="TestNGPack.TestNGParallelDemo"/>
  <testcase name="test1" time="0.001" classname="TestNGPack.TestNGParallelDemo"/>
</testsuite> <!-- India -->
