<?xml version="1.0" encoding="UTF-8"?>
<testng-results skipped="0" failed="0" ignored="0" total="1" passed="1">
  <reporter-output>
  </reporter-output>
  <suite name="Default suite" duration-ms="36707" started-at="2021-05-10T03:03:19 CDT" finished-at="2021-05-10T03:03:55 CDT">
    <groups>
    </groups>
    <test name="Default test" duration-ms="36707" started-at="2021-05-10T03:03:19 CDT" finished-at="2021-05-10T03:03:55 CDT">
      <class name="POM_Yahoo.YahooTest">
        <test-method status="PASS" signature="startApp()[pri:0, instance:POM_Yahoo.YahooTest@5a8806ef]" name="startApp" is-config="true" duration-ms="11922" started-at="2021-05-10T03:03:19 CDT" finished-at="2021-05-10T03:03:31 CDT">
          <reporter-output>
          </reporter-output>
        </test-method> <!-- startApp -->
        <test-method status="PASS" signature="loginTest()[pri:0, instance:POM_Yahoo.YahooTest@5a8806ef]" name="loginTest" duration-ms="23455" started-at="2021-05-10T03:03:31 CDT" finished-at="2021-05-10T03:03:54 CDT">
          <reporter-output>
          </reporter-output>
        </test-method> <!-- loginTest -->
        <test-method status="PASS" signature="closeApp()[pri:0, instance:POM_Yahoo.YahooTest@5a8806ef]" name="closeApp" is-config="true" duration-ms="1207" started-at="2021-05-10T03:03:54 CDT" finished-at="2021-05-10T03:03:55 CDT">
          <reporter-output>
          </reporter-output>
        </test-method> <!-- closeApp -->
      </class> <!-- POM_Yahoo.YahooTest -->
    </test> <!-- Default test -->
  </suite> <!-- Default suite -->
</testng-results>
